[2025-10-23T15:46:44.450Z] WARN: POST /auth/signup 400
[2025-10-23T15:56:46.982Z] INFO: POST /product/68fa503ecc7934e38c747aad/review 201
[2025-10-23T15:56:47.208Z] WARN: POST /product/68fa503ecc7934e38c747aad/review 403
[2025-10-23T15:56:47.620Z] WARN: POST /product/68fa503ecc7934e38c747aad/review 409
[2025-10-23T15:56:47.684Z] WARN: POST /product/68fa503ecc7934e38c747aad/review 401
[2025-10-23T15:56:47.855Z] WARN: POST /product/68fa503ecc7934e38c747aad/review 400
[2025-10-23T15:56:48.048Z] INFO: GET /product/68fa503ecc7934e38c747aad/review 200
[2025-10-23T15:56:48.213Z] WARN: GET /product/68fa5040cc7934e38c747ace/review 404
[2025-10-23T15:56:48.537Z] INFO: PUT /product/68fa503ecc7934e38c747aad/review/68fa5040cc7934e38c747ad3 200
[2025-10-23T15:56:48.819Z] WARN: PUT /product/68fa503ecc7934e38c747aad/review/68fa5040cc7934e38c747ad8 403
[2025-10-23T15:56:48.948Z] WARN: PUT /product/68fa503ecc7934e38c747aad/review/68fa5040cc7934e38c747add 401
[2025-10-23T15:56:49.322Z] INFO: DELETE /product/68fa503ecc7934e38c747aad/review/68fa5041cc7934e38c747ae0 200
[2025-10-23T15:56:49.670Z] WARN: DELETE /product/68fa503ecc7934e38c747aad/review/68fa5041cc7934e38c747ae7 403
[2025-10-23T15:56:49.984Z] INFO: DELETE /product/68fa503ecc7934e38c747aad/review/68fa5041cc7934e38c747aec 200
[2025-10-23T15:56:50.110Z] WARN: DELETE /product/68fa503ecc7934e38c747aad/review/68fa5041cc7934e38c747aec 400
[2025-10-23T15:56:50.454Z] INFO: PUT /product/review/68fa5042cc7934e38c747af4 200
[2025-10-23T15:56:50.712Z] WARN: PUT /product/review/68fa5042cc7934e38c747afb 404
[2025-10-23T15:56:51.042Z] INFO: DELETE /product/review/68fa5042cc7934e38c747aff 200
[2025-10-23T15:56:51.333Z] WARN: DELETE /product/review/68fa5043cc7934e38c747b08 404
[2025-10-23T15:56:51.625Z] INFO: DELETE /product/review/68fa5043cc7934e38c747b0c 200
[2025-10-23T15:56:51.747Z] WARN: DELETE /product/review/68fa5043cc7934e38c747b0c 400
[2025-10-23T15:57:51.359Z] INFO: POST /product/68fa507e3c7e68efc232a141/review 201
[2025-10-23T15:57:51.618Z] WARN: POST /product/68fa507e3c7e68efc232a141/review 403
[2025-10-23T15:57:52.011Z] WARN: POST /product/68fa507e3c7e68efc232a141/review 409
[2025-10-23T15:57:52.082Z] WARN: POST /product/68fa507e3c7e68efc232a141/review 401
[2025-10-23T15:57:52.208Z] WARN: POST /product/68fa507e3c7e68efc232a141/review 400
[2025-10-23T15:57:52.398Z] INFO: GET /product/68fa507e3c7e68efc232a141/review 200
[2025-10-23T15:57:52.530Z] WARN: GET /product/68fa50803c7e68efc232a162/review 404
[2025-10-23T15:57:52.846Z] INFO: PUT /product/68fa507e3c7e68efc232a141/review/68fa50803c7e68efc232a167 200
[2025-10-23T15:57:53.101Z] WARN: PUT /product/68fa507e3c7e68efc232a141/review/68fa50803c7e68efc232a16c 403
[2025-10-23T15:57:53.229Z] WARN: PUT /product/68fa507e3c7e68efc232a141/review/68fa50813c7e68efc232a171 401
[2025-10-23T15:57:53.527Z] INFO: DELETE /product/68fa507e3c7e68efc232a141/review/68fa50813c7e68efc232a174 200
[2025-10-23T15:57:53.817Z] WARN: DELETE /product/68fa507e3c7e68efc232a141/review/68fa50813c7e68efc232a17b 403
[2025-10-23T15:57:54.125Z] INFO: DELETE /product/68fa507e3c7e68efc232a141/review/68fa50813c7e68efc232a180 200
[2025-10-23T15:57:54.250Z] WARN: DELETE /product/68fa507e3c7e68efc232a141/review/68fa50813c7e68efc232a180 400
[2025-10-23T15:57:54.515Z] INFO: PUT /product/review/68fa50823c7e68efc232a188 200
[2025-10-23T15:57:54.752Z] WARN: PUT /product/review/68fa50823c7e68efc232a18f 404
[2025-10-23T15:57:55.061Z] INFO: DELETE /product/review/68fa50823c7e68efc232a193 200
[2025-10-23T15:57:55.365Z] WARN: DELETE /product/review/68fa50833c7e68efc232a19c 404
[2025-10-23T15:57:55.665Z] INFO: DELETE /product/review/68fa50833c7e68efc232a1a0 200
[2025-10-23T15:57:55.775Z] WARN: DELETE /product/review/68fa50833c7e68efc232a1a0 400
[2025-10-23T15:59:33.824Z] INFO: POST /product/68fa50e55669a9fe6efe6885/review 201
[2025-10-23T15:59:34.106Z] WARN: POST /product/68fa50e55669a9fe6efe6885/review 403
[2025-10-23T15:59:34.442Z] WARN: POST /product/68fa50e55669a9fe6efe6885/review 409
[2025-10-23T15:59:34.508Z] WARN: POST /product/68fa50e55669a9fe6efe6885/review 401
[2025-10-23T15:59:34.622Z] WARN: POST /product/68fa50e55669a9fe6efe6885/review 400
[2025-10-23T15:59:34.824Z] INFO: GET /product/68fa50e55669a9fe6efe6885/review 200
[2025-10-23T15:59:34.931Z] WARN: GET /product/68fa50e65669a9fe6efe68a6/review 404
[2025-10-23T15:59:35.224Z] INFO: PUT /product/68fa50e55669a9fe6efe6885/review/68fa50e75669a9fe6efe68ab 200
[2025-10-23T15:59:35.454Z] WARN: PUT /product/68fa50e55669a9fe6efe6885/review/68fa50e75669a9fe6efe68b0 403
[2025-10-23T15:59:35.562Z] WARN: PUT /product/68fa50e55669a9fe6efe6885/review/68fa50e75669a9fe6efe68b5 401
[2025-10-23T15:59:35.833Z] INFO: DELETE /product/68fa50e55669a9fe6efe6885/review/68fa50e75669a9fe6efe68b8 200
[2025-10-23T15:59:36.117Z] WARN: DELETE /product/68fa50e55669a9fe6efe6885/review/68fa50e75669a9fe6efe68bf 403
[2025-10-23T15:59:36.387Z] INFO: DELETE /product/68fa50e55669a9fe6efe6885/review/68fa50e85669a9fe6efe68c4 200
[2025-10-23T15:59:36.496Z] WARN: DELETE /product/68fa50e55669a9fe6efe6885/review/68fa50e85669a9fe6efe68c4 400
[2025-10-23T15:59:36.735Z] INFO: PUT /product/review/68fa50e85669a9fe6efe68cc 200
[2025-10-23T15:59:36.939Z] WARN: PUT /product/review/68fa50e85669a9fe6efe68d3 404
[2025-10-23T15:59:37.482Z] INFO: DELETE /product/review/68fa50e85669a9fe6efe68d7 200
[2025-10-23T15:59:37.815Z] WARN: DELETE /product/review/68fa50e95669a9fe6efe68e0 404
[2025-10-23T15:59:38.096Z] INFO: DELETE /product/review/68fa50e95669a9fe6efe68e4 200
[2025-10-23T15:59:38.203Z] WARN: DELETE /product/review/68fa50e95669a9fe6efe68e4 400
[2025-10-24T10:20:32.347Z] INFO: GET /api-docs 301
[2025-10-24T10:20:32.365Z] INFO: GET /api-docs/ 200
[2025-10-24T10:20:32.456Z] INFO: GET /api-docs/swagger-ui-init.js 200
[2025-10-24T10:20:32.462Z] INFO: GET /api-docs/swagger-ui.css 200
[2025-10-24T10:20:32.466Z] INFO: GET /api-docs/swagger-ui-standalone-preset.js 200
[2025-10-24T10:20:32.476Z] INFO: GET /api-docs/swagger-ui-bundle.js 200
[2025-10-24T10:20:32.805Z] INFO: GET /api-docs/favicon-32x32.png 200
[2025-10-24T10:22:56.954Z] INFO: GET /api-docs/ 304
[2025-10-24T10:22:56.982Z] INFO: GET /api-docs/swagger-ui.css 304
[2025-10-24T10:22:56.987Z] INFO: GET /api-docs/swagger-ui-init.js 200
[2025-10-24T10:22:56.988Z] INFO: GET /api-docs/swagger-ui-bundle.js 304
[2025-10-24T10:22:56.991Z] INFO: GET /api-docs/swagger-ui-standalone-preset.js 304
[2025-10-24T10:22:57.198Z] INFO: GET /api-docs/favicon-32x32.png 304
[2025-10-24T14:14:36.033Z] INFO: POST /auth/signup 201
[2025-10-24T14:15:19.302Z] INFO: POST /auth/login 200
[2025-10-24T14:15:37.536Z] WARN: POST /products 401
[2025-10-24T14:20:13.309Z] WARN: POST /users 400
[2025-10-24T14:20:36.214Z] WARN: POST /users 400
[2025-10-24T14:20:45.541Z] WARN: POST /users 400
[2025-10-24T14:20:59.560Z] WARN: POST /users 400
[2025-10-24T14:22:52.711Z] WARN: POST /users 400
[2025-10-24T14:23:33.767Z] WARN: POST /auth/login 401
[2025-10-24T14:23:39.485Z] INFO: POST /auth/login 200
[2025-10-24T14:23:45.599Z] WARN: POST /products 401
[2025-10-24T14:23:47.164Z] WARN: POST /products 401
[2025-10-24T14:26:38.414Z] WARN: POST /users 400
[2025-10-24T14:34:28.908Z] WARN: POST /carts/ 400
[2025-10-24T15:45:52.440Z] WARN: POST /carts/ 400
[2025-10-24T15:46:04.395Z] WARN: POST /auth/login 401
[2025-10-24T15:46:12.270Z] INFO: POST /auth/signup 201
[2025-10-24T15:46:51.817Z] INFO: POST /auth/login 200
[2025-10-24T15:46:59.532Z] WARN: POST /carts/ 400
[2025-10-24T15:47:01.089Z] WARN: POST /carts/ 400
[2025-10-24T20:08:18.001Z] WARN: POST /carts/ 400
[2025-10-24T20:09:25.323Z] WARN: POST /carts/ 400
[2025-10-24T20:10:14.369Z] WARN: POST /product/68ee714494318506c5c60705/review 401
[2025-10-24T20:10:57.835Z] WARN: POST /product/68ee714494318506c5c60705/review 401
[2025-10-24T20:11:55.625Z] WARN: POST /carts/ 400
[2025-10-24T20:14:30.931Z] WARN: POST /carts/ 401
[2025-10-24T20:16:34.255Z] INFO: POST /auth/login 200
[2025-10-24T20:17:22.201Z] INFO: POST /carts/ 200
[2025-10-24T20:21:34.126Z] WARN: POST /orders/ 400
[2025-10-24T20:21:50.873Z] WARN: POST /orders/ 400
[2025-10-24T20:23:09.073Z] INFO: POST /orders/ 201
[2025-10-24T20:23:31.958Z] WARN: POST /orders/simulate-payment 401
[2025-10-24T20:23:40.628Z] WARN: POST /orders/simulate-payment 404
[2025-10-24T20:24:10.055Z] INFO: POST /orders/simulate-payment 200
[2025-10-24T21:01:57.435Z] INFO: POST /carts/ 200
[2025-10-24T21:02:06.625Z] WARN: POST /orders/ 500
[2025-10-24T21:08:00.762Z] WARN: POST /orders/ 500
[2025-10-24T21:10:53.436Z] INFO: POST /orders/ 201
<<<<<<< HEAD
[2025-10-24T10:20:51.792Z] INFO: POST /product/68fb5303f3e86b631130a121/review 201
[2025-10-24T10:20:51.810Z] WARN: POST /product/68fb5303f3e86b631130a121/review 403
[2025-10-24T10:20:51.825Z] WARN: POST /product/68fb5303f3e86b631130a121/review 409
[2025-10-24T10:20:51.831Z] WARN: POST /product/68fb5303f3e86b631130a121/review 401
[2025-10-24T10:20:51.842Z] WARN: POST /product/68fb5303f3e86b631130a121/review 400
[2025-10-24T10:20:51.855Z] INFO: GET /product/68fb5303f3e86b631130a121/review 200
[2025-10-24T10:20:51.864Z] WARN: GET /product/68fb5303f3e86b631130a142/review 404
[2025-10-24T10:20:51.882Z] INFO: PUT /product/68fb5303f3e86b631130a121/review/68fb5303f3e86b631130a147 200
[2025-10-24T10:20:51.895Z] WARN: PUT /product/68fb5303f3e86b631130a121/review/68fb5303f3e86b631130a14c 403
[2025-10-24T10:20:51.903Z] WARN: PUT /product/68fb5303f3e86b631130a121/review/68fb5303f3e86b631130a151 401
[2025-10-24T10:20:51.917Z] INFO: DELETE /product/68fb5303f3e86b631130a121/review/68fb5303f3e86b631130a154 200
[2025-10-24T10:20:51.930Z] WARN: DELETE /product/68fb5303f3e86b631130a121/review/68fb5303f3e86b631130a15b 403
[2025-10-24T10:20:51.943Z] INFO: DELETE /product/68fb5303f3e86b631130a121/review/68fb5303f3e86b631130a160 200
[2025-10-24T10:20:51.951Z] WARN: DELETE /product/68fb5303f3e86b631130a121/review/68fb5303f3e86b631130a160 400
[2025-10-24T10:20:51.963Z] INFO: PUT /product/review/68fb5303f3e86b631130a168 200
[2025-10-24T10:20:51.973Z] WARN: PUT /product/review/68fb5303f3e86b631130a16f 404
[2025-10-24T10:20:51.985Z] INFO: DELETE /product/review/68fb5303f3e86b631130a173 200
[2025-10-24T10:20:51.995Z] WARN: DELETE /product/review/68fb5303f3e86b631130a17c 404
[2025-10-24T10:20:52.008Z] INFO: DELETE /product/review/68fb5303f3e86b631130a180 200
[2025-10-24T10:20:52.014Z] WARN: DELETE /product/review/68fb5303f3e86b631130a180 400
[2025-10-24T10:27:09.605Z] INFO: POST /product/68fb547de6e0d36336e84a7a/review 201
[2025-10-24T10:27:09.622Z] WARN: POST /product/68fb547de6e0d36336e84a7a/review 403
[2025-10-24T10:27:09.637Z] WARN: POST /product/68fb547de6e0d36336e84a7a/review 409
[2025-10-24T10:27:09.643Z] WARN: POST /product/68fb547de6e0d36336e84a7a/review 401
[2025-10-24T10:27:09.653Z] WARN: POST /product/68fb547de6e0d36336e84a7a/review 400
[2025-10-24T10:27:09.665Z] INFO: GET /product/68fb547de6e0d36336e84a7a/review 200
[2025-10-24T10:27:09.673Z] WARN: GET /product/68fb547de6e0d36336e84a9b/review 404
[2025-10-24T10:27:09.690Z] INFO: PUT /product/68fb547de6e0d36336e84a7a/review/68fb547de6e0d36336e84aa0 200
[2025-10-24T10:27:09.704Z] WARN: PUT /product/68fb547de6e0d36336e84a7a/review/68fb547de6e0d36336e84aa5 403
[2025-10-24T10:27:09.711Z] WARN: PUT /product/68fb547de6e0d36336e84a7a/review/68fb547de6e0d36336e84aaa 401
[2025-10-24T10:27:09.725Z] INFO: DELETE /product/68fb547de6e0d36336e84a7a/review/68fb547de6e0d36336e84aad 200
[2025-10-24T10:27:09.737Z] WARN: DELETE /product/68fb547de6e0d36336e84a7a/review/68fb547de6e0d36336e84ab4 403
[2025-10-24T10:27:09.749Z] INFO: DELETE /product/68fb547de6e0d36336e84a7a/review/68fb547de6e0d36336e84ab9 200
[2025-10-24T10:27:09.756Z] WARN: DELETE /product/68fb547de6e0d36336e84a7a/review/68fb547de6e0d36336e84ab9 400
[2025-10-24T10:27:09.767Z] INFO: PUT /product/review/68fb547de6e0d36336e84ac1 200
[2025-10-24T10:27:09.776Z] WARN: PUT /product/review/68fb547de6e0d36336e84ac8 404
[2025-10-24T10:27:09.787Z] INFO: DELETE /product/review/68fb547de6e0d36336e84acc 200
[2025-10-24T10:27:09.797Z] WARN: DELETE /product/review/68fb547de6e0d36336e84ad5 404
[2025-10-24T10:27:09.808Z] INFO: DELETE /product/review/68fb547de6e0d36336e84ad9 200
[2025-10-24T10:27:09.815Z] WARN: DELETE /product/review/68fb547de6e0d36336e84ad9 400
[2025-10-24T12:39:05.732Z] INFO: POST /auth/signup 201
[2025-10-24T12:39:20.155Z] INFO: POST /auth/login 200
[2025-10-24T12:40:58.979Z] WARN: POST /carts/ 401
[2025-10-24T12:41:22.915Z] INFO: POST /auth/signup 201
[2025-10-24T12:41:31.644Z] INFO: POST /auth/login 200
[2025-10-24T12:41:53.925Z] INFO: POST /carts/ 200
[2025-10-24T12:42:58.984Z] INFO: POST /orders/ 201
[2025-10-24T12:44:44.320Z] WARN: PUT /orders/68fb74527c586f886b9eb879/status 401
[2025-10-24T12:45:00.783Z] INFO: PUT /orders/68fb74527c586f886b9eb879/status 200
[2025-10-24T12:46:33.543Z] INFO: GET /notifications 200
[2025-10-24T12:46:47.142Z] WARN: PATCH /notifications/68fb74cc7c586f886b9eb883/read 401
[2025-10-24T12:47:01.827Z] INFO: PATCH /notifications/68fb74cc7c586f886b9eb883/read 200
[2025-10-24T12:47:45.871Z] INFO: PATCH /notifications/68fb74cc7c586f886b9eb883/read 200
[2025-10-24T12:48:26.209Z] WARN: DELETE /notifications/68fa72cf0366a45a19d0e0fc 404
[2025-10-24T12:48:37.214Z] INFO: DELETE /notifications/68fb74cc7c586f886b9eb883 200
[2025-10-24T13:20:07.312Z] WARN: POST /products 404
[2025-10-24T13:28:48.506Z] WARN: POST /products 500
[2025-10-24T13:29:40.552Z] WARN: POST /products 500
[2025-10-24T13:30:47.943Z] WARN: POST /products 500
[2025-10-24T13:31:58.127Z] WARN: POST /products 500
[2025-10-24T13:32:10.723Z] WARN: POST /products 500
[2025-10-24T13:44:32.648Z] WARN: POST /products 401
[2025-10-24T13:44:59.073Z] INFO: POST /auth/login 200
[2025-10-24T13:45:12.404Z] WARN: POST /products 400
[2025-10-24T13:45:46.390Z] WARN: POST /products 400
[2025-10-24T14:18:22.116Z] WARN: POST /products 400
[2025-10-24T14:18:46.897Z] WARN: POST /products 400
[2025-10-24T14:19:12.759Z] WARN: POST /products 400
[2025-10-24T14:21:39.408Z] WARN: POST /products 400
[2025-10-24T14:22:16.621Z] WARN: POST /products 500
[2025-10-24T14:23:17.379Z] WARN: POST /products 400
[2025-10-24T14:25:18.814Z] WARN: POST /products 400
[2025-10-24T14:25:54.119Z] WARN: POST /products 400
[2025-10-24T14:26:03.502Z] WARN: POST /products 400
[2025-10-24T14:26:16.870Z] WARN: POST /products 400
[2025-10-24T14:41:24.169Z] WARN: POST /products 500
[2025-10-24T14:42:03.491Z] WARN: POST /products 400
[2025-10-25T16:09:27.461Z] INFO: POST /auth/signup 201
[2025-10-25T16:09:34.851Z] INFO: POST /auth/login 200
[2025-10-25T16:09:46.359Z] INFO: GET /products 200
[2025-10-25T16:10:17.876Z] INFO: POST /carts/ 200
[2025-10-25T16:12:09.809Z] INFO: POST /carts/ 200
=======
[2025-10-25T16:48:15.095Z] INFO: POST /carts/ 200
[2025-10-25T16:49:39.278Z] INFO: POST /auth/login 200
[2025-10-25T16:49:51.386Z] WARN: POST /orders/ 500
[2025-10-25T16:50:56.491Z] WARN: POST /orders/ 500
[2025-10-25T16:50:57.997Z] WARN: POST /orders/ 500
[2025-10-25T16:51:46.499Z] WARN: POST /orders/ 404
[2025-10-25T16:52:54.644Z] WARN: POST /coupons 400
[2025-10-25T16:53:43.470Z] WARN: POST /coupons 400
[2025-10-25T16:58:37.486Z] INFO: POST /coupons 201
[2025-10-25T16:59:00.327Z] INFO: POST /orders/ 201
[2025-10-25T16:59:40.437Z] INFO: GET /orders/ 200
[2025-10-25T17:00:06.218Z] INFO: GET /orders/ 200
[2025-10-25T17:01:03.215Z] WARN: PUT /orders/68fd01d4c0f4b71b784b271f/status 403
[2025-10-25T17:01:54.750Z] INFO: POST /auth/signup 201
[2025-10-25T17:02:00.392Z] INFO: POST /auth/login 200
[2025-10-25T17:02:26.157Z] WARN: PUT /orders/68fd01d4c0f4b71b784b271f/status 403
[2025-10-25T17:03:50.440Z] WARN: PUT /orders/68fd01d4c0f4b71b784b271f/status 403
[2025-10-25T17:03:51.792Z] WARN: PUT /orders/68fd01d4c0f4b71b784b271f/status 403
[2025-10-25T17:04:47.004Z] WARN: POST /auth/login 401
[2025-10-25T17:04:59.838Z] WARN: POST /auth/login 401
[2025-10-25T17:05:10.872Z] WARN: POST /auth/signup 400
[2025-10-25T17:05:16.614Z] INFO: POST /auth/signup 201
[2025-10-25T17:05:24.114Z] INFO: POST /auth/login 200
[2025-10-25T17:05:45.761Z] WARN: PUT /orders/68fd01d4c0f4b71b784b271f/status 403
[2025-10-25T17:06:07.722Z] INFO: PUT /orders/68fd01d4c0f4b71b784b271f/status 200
[2025-10-25T17:43:49.891Z] INFO: POST /auth/login 200
[2025-10-25T17:46:09.764Z] INFO: POST /product/68fb739f9a87a2ed91ede295/review 201
[2025-10-25T17:46:12.713Z] WARN: POST /product/68fb739f9a87a2ed91ede295/review 409
[2025-10-25T17:47:20.558Z] INFO: PUT /product/68fb739f9a87a2ed91ede295/review/68fd0ce1d69ec21c4228967d 200
[2025-10-25T17:48:22.969Z] INFO: DELETE /product/68fb739f9a87a2ed91ede295/review/68fd0ce1d69ec21c4228967d 200
[2025-10-25T17:48:26.939Z] WARN: DELETE /product/68fb739f9a87a2ed91ede295/review/68fd0ce1d69ec21c4228967d 400
[2025-10-25T17:50:41.056Z] INFO: POST /product/68fb739f9a87a2ed91ede296/review 201
[2025-10-25T17:51:04.635Z] INFO: GET /product/68fb739f9a87a2ed91ede296/review 200
[2025-10-25T17:52:00.136Z] WARN: PUT /product/review/68fd0df1d69ec21c42289690 403
[2025-10-25T17:52:40.901Z] INFO: POST /auth/login 200
[2025-10-25T17:53:05.833Z] INFO: PUT /product/review/68fd0df1d69ec21c42289690 200
[2025-10-25T17:54:37.070Z] WARN: DELETE /product/review/68fd0df1d69ec21c42289690 401
[2025-10-25T17:55:00.959Z] INFO: DELETE /product/review/68fd0df1d69ec21c42289690 200
<<<<<<< HEAD
[2025-10-27T09:02:02.835Z] INFO: POST /product/68ff350a188f6b2ea70c15d4/review 201
[2025-10-27T09:02:02.852Z] WARN: POST /product/68ff350a188f6b2ea70c15d4/review 403
[2025-10-27T09:02:02.867Z] WARN: POST /product/68ff350a188f6b2ea70c15d4/review 409
[2025-10-27T09:02:02.873Z] WARN: POST /product/68ff350a188f6b2ea70c15d4/review 401
[2025-10-27T09:02:02.883Z] WARN: POST /product/68ff350a188f6b2ea70c15d4/review 400
[2025-10-27T09:02:02.895Z] INFO: GET /product/68ff350a188f6b2ea70c15d4/review 200
[2025-10-27T09:02:02.904Z] WARN: GET /product/68ff350a188f6b2ea70c15f5/review 404
[2025-10-27T09:02:02.920Z] INFO: PUT /product/68ff350a188f6b2ea70c15d4/review/68ff350a188f6b2ea70c15fa 200
[2025-10-27T09:02:02.935Z] WARN: PUT /product/68ff350a188f6b2ea70c15d4/review/68ff350a188f6b2ea70c15ff 403
[2025-10-27T09:02:02.942Z] WARN: PUT /product/68ff350a188f6b2ea70c15d4/review/68ff350a188f6b2ea70c1604 401
[2025-10-27T09:02:02.958Z] INFO: DELETE /product/68ff350a188f6b2ea70c15d4/review/68ff350a188f6b2ea70c1607 200
[2025-10-27T09:02:02.971Z] WARN: DELETE /product/68ff350a188f6b2ea70c15d4/review/68ff350a188f6b2ea70c160e 403
[2025-10-27T09:02:02.984Z] INFO: DELETE /product/68ff350a188f6b2ea70c15d4/review/68ff350a188f6b2ea70c1613 200
[2025-10-27T09:02:02.991Z] WARN: DELETE /product/68ff350a188f6b2ea70c15d4/review/68ff350a188f6b2ea70c1613 400
[2025-10-27T09:02:03.004Z] INFO: PUT /product/review/68ff350a188f6b2ea70c161b 200
[2025-10-27T09:02:03.015Z] WARN: PUT /product/review/68ff350b188f6b2ea70c1622 404
[2025-10-27T09:02:03.026Z] INFO: DELETE /product/review/68ff350b188f6b2ea70c1626 200
[2025-10-27T09:02:03.037Z] WARN: DELETE /product/review/68ff350b188f6b2ea70c162f 404
[2025-10-27T09:02:03.048Z] INFO: DELETE /product/review/68ff350b188f6b2ea70c1633 200
[2025-10-27T09:02:03.054Z] WARN: DELETE /product/review/68ff350b188f6b2ea70c1633 400
[2025-10-27T09:04:05.688Z] WARN: POST /products 401
[2025-10-27T09:04:21.422Z] WARN: POST /products 401
[2025-10-27T09:04:41.579Z] WARN: POST /auth/login 401
[2025-10-27T09:04:47.039Z] WARN: POST /auth/login 401
[2025-10-27T09:04:52.088Z] WARN: POST /auth/login 401
[2025-10-27T09:04:53.993Z] WARN: POST /auth/login 401
[2025-10-27T09:05:17.224Z] WARN: POST /auth/login 401
[2025-10-27T09:06:32.118Z] WARN: POST /auth/login 429
[2025-10-27T09:07:22.869Z] WARN: POST /auth/signup 429
[2025-10-27T09:07:37.012Z] INFO: POST /auth/signup 201
[2025-10-27T09:07:46.734Z] INFO: POST /auth/login 200
[2025-10-27T09:08:13.775Z] INFO: POST /auth/login 200
[2025-10-27T09:08:44.857Z] INFO: POST /products 201
[2025-10-27T09:09:10.091Z] INFO: POST /product/68ff36b6ae184ef5d860a4e6/review 201
[2025-10-27T09:09:10.110Z] WARN: POST /product/68ff36b6ae184ef5d860a4e6/review 403
[2025-10-27T09:09:10.127Z] WARN: POST /product/68ff36b6ae184ef5d860a4e6/review 409
[2025-10-27T09:09:10.133Z] WARN: POST /product/68ff36b6ae184ef5d860a4e6/review 401
[2025-10-27T09:09:10.143Z] WARN: POST /product/68ff36b6ae184ef5d860a4e6/review 400
[2025-10-27T09:09:10.156Z] INFO: GET /product/68ff36b6ae184ef5d860a4e6/review 200
[2025-10-27T09:09:10.165Z] WARN: GET /product/68ff36b6ae184ef5d860a507/review 404
[2025-10-27T09:09:10.182Z] INFO: PUT /product/68ff36b6ae184ef5d860a4e6/review/68ff36b6ae184ef5d860a50c 200
[2025-10-27T09:09:10.195Z] WARN: PUT /product/68ff36b6ae184ef5d860a4e6/review/68ff36b6ae184ef5d860a511 403
[2025-10-27T09:09:10.202Z] WARN: PUT /product/68ff36b6ae184ef5d860a4e6/review/68ff36b6ae184ef5d860a516 401
[2025-10-27T09:09:10.217Z] INFO: DELETE /product/68ff36b6ae184ef5d860a4e6/review/68ff36b6ae184ef5d860a519 200
[2025-10-27T09:09:10.228Z] WARN: DELETE /product/68ff36b6ae184ef5d860a4e6/review/68ff36b6ae184ef5d860a520 403
[2025-10-27T09:09:10.242Z] INFO: DELETE /product/68ff36b6ae184ef5d860a4e6/review/68ff36b6ae184ef5d860a525 200
[2025-10-27T09:09:10.249Z] WARN: DELETE /product/68ff36b6ae184ef5d860a4e6/review/68ff36b6ae184ef5d860a525 400
[2025-10-27T09:09:10.261Z] INFO: PUT /product/review/68ff36b6ae184ef5d860a52d 200
[2025-10-27T09:09:10.272Z] WARN: PUT /product/review/68ff36b6ae184ef5d860a534 404
[2025-10-27T09:09:10.284Z] INFO: DELETE /product/review/68ff36b6ae184ef5d860a538 200
[2025-10-27T09:09:10.295Z] WARN: DELETE /product/review/68ff36b6ae184ef5d860a541 404
[2025-10-27T09:09:10.306Z] INFO: DELETE /product/review/68ff36b6ae184ef5d860a545 200
[2025-10-27T09:09:10.313Z] WARN: DELETE /product/review/68ff36b6ae184ef5d860a545 400
=======
>>>>>>> b18a60a726ef07bd28b2fe9d431541438ea0310b
[2025-10-25T18:36:31.398Z] WARN: DELETE /product/review/68fd0df1d69ec21c42289690 400
[2025-10-25T18:36:52.498Z] WARN: GET /orders/ 401
>>>>>>> 1a1931846d3539bac606796af949075b4ce6cd10
[2025-11-21T15:23:34.796Z] INFO: POST /product/692083f685b1622a19298b88/review 201
[2025-11-21T15:23:35.007Z] WARN: POST /product/692083f685b1622a19298b88/review 403
[2025-11-21T15:23:35.285Z] WARN: POST /product/692083f685b1622a19298b88/review 409
[2025-11-21T15:23:35.337Z] WARN: POST /product/692083f685b1622a19298b88/review 401
[2025-11-21T15:23:35.440Z] WARN: POST /product/692083f685b1622a19298b88/review 400
[2025-11-21T15:23:35.632Z] INFO: GET /product/692083f685b1622a19298b88/review 200
[2025-11-21T15:23:35.746Z] WARN: GET /product/692083f785b1622a19298ba9/review 404
[2025-11-21T15:23:36.022Z] INFO: PUT /product/692083f685b1622a19298b88/review/692083f785b1622a19298bae 200
[2025-11-21T15:23:36.260Z] WARN: PUT /product/692083f685b1622a19298b88/review/692083f885b1622a19298bb3 403
[2025-11-21T15:23:36.377Z] WARN: PUT /product/692083f685b1622a19298b88/review/692083f885b1622a19298bb8 401
[2025-11-21T15:23:36.655Z] INFO: DELETE /product/692083f685b1622a19298b88/review/692083f885b1622a19298bbb 200
[2025-11-21T15:23:36.932Z] WARN: DELETE /product/692083f685b1622a19298b88/review/692083f885b1622a19298bc2 403
[2025-11-21T15:23:37.202Z] INFO: DELETE /product/692083f685b1622a19298b88/review/692083f885b1622a19298bc7 200
[2025-11-21T15:23:37.310Z] WARN: DELETE /product/692083f685b1622a19298b88/review/692083f885b1622a19298bc7 400
[2025-11-21T15:23:37.559Z] INFO: PUT /product/review/692083f985b1622a19298bcf 200
[2025-11-21T15:23:37.769Z] WARN: PUT /product/review/692083f985b1622a19298bd6 404
[2025-11-21T15:23:38.039Z] INFO: DELETE /product/review/692083f985b1622a19298bda 200
[2025-11-21T15:23:38.307Z] WARN: DELETE /product/review/692083fa85b1622a19298be3 404
[2025-11-21T15:23:38.589Z] INFO: DELETE /product/review/692083fa85b1622a19298be7 200
[2025-11-21T15:23:38.700Z] WARN: DELETE /product/review/692083fa85b1622a19298be7 400
[2025-11-21T16:06:56.568Z] INFO: POST /product/69208e1f6d711ade51badec2/review 201
[2025-11-21T16:06:56.815Z] WARN: POST /product/69208e1f6d711ade51badec2/review 403
[2025-11-21T16:06:57.312Z] WARN: POST /product/69208e1f6d711ade51badec2/review 409
[2025-11-21T16:06:57.383Z] WARN: POST /product/69208e1f6d711ade51badec2/review 401
[2025-11-21T16:06:57.510Z] WARN: POST /product/69208e1f6d711ade51badec2/review 400
[2025-11-21T16:06:57.693Z] INFO: GET /product/69208e1f6d711ade51badec2/review 200
[2025-11-21T16:06:57.842Z] WARN: GET /product/69208e216d711ade51badee3/review 404
[2025-11-21T16:06:58.439Z] INFO: PUT /product/69208e1f6d711ade51badec2/review/69208e216d711ade51badee8 200
[2025-11-21T16:06:58.663Z] WARN: PUT /product/69208e1f6d711ade51badec2/review/69208e226d711ade51badeed 403
[2025-11-21T16:06:58.781Z] WARN: PUT /product/69208e1f6d711ade51badec2/review/69208e226d711ade51badef2 401
[2025-11-21T16:06:59.090Z] INFO: DELETE /product/69208e1f6d711ade51badec2/review/69208e226d711ade51badef5 200
[2025-11-21T16:06:59.358Z] WARN: DELETE /product/69208e1f6d711ade51badec2/review/69208e236d711ade51badefc 403
[2025-11-21T16:06:59.769Z] INFO: DELETE /product/69208e1f6d711ade51badec2/review/69208e236d711ade51badf01 200
[2025-11-21T16:06:59.890Z] WARN: DELETE /product/69208e1f6d711ade51badec2/review/69208e236d711ade51badf01 400
[2025-11-21T16:07:00.184Z] INFO: PUT /product/review/69208e236d711ade51badf09 200
[2025-11-21T16:07:00.400Z] WARN: PUT /product/review/69208e246d711ade51badf10 404
[2025-11-21T16:07:00.676Z] INFO: DELETE /product/review/69208e246d711ade51badf14 200
[2025-11-21T16:07:00.970Z] WARN: DELETE /product/review/69208e246d711ade51badf1d 404
[2025-11-21T16:07:01.260Z] INFO: DELETE /product/review/69208e256d711ade51badf21 200
[2025-11-21T16:07:01.379Z] WARN: DELETE /product/review/69208e256d711ade51badf21 400
[2025-11-21T16:23:38.316Z] INFO: POST /product/692092093238bf9b6c8f82a6/review 201
[2025-11-21T16:23:38.589Z] WARN: POST /product/692092093238bf9b6c8f82a6/review 403
[2025-11-21T16:23:39.034Z] WARN: POST /product/692092093238bf9b6c8f82a6/review 409
[2025-11-21T16:23:39.166Z] WARN: POST /product/692092093238bf9b6c8f82a6/review 401
[2025-11-21T16:23:39.373Z] WARN: POST /product/692092093238bf9b6c8f82a6/review 400
[2025-11-21T16:23:39.624Z] INFO: GET /product/692092093238bf9b6c8f82a6/review 200
[2025-11-21T16:23:39.817Z] WARN: GET /product/6920920b3238bf9b6c8f82c7/review 404
[2025-11-21T16:23:40.233Z] INFO: PUT /product/692092093238bf9b6c8f82a6/review/6920920c3238bf9b6c8f82cc 200
[2025-11-21T16:23:40.557Z] WARN: PUT /product/692092093238bf9b6c8f82a6/review/6920920c3238bf9b6c8f82d1 403
[2025-11-21T16:23:40.722Z] WARN: PUT /product/692092093238bf9b6c8f82a6/review/6920920c3238bf9b6c8f82d6 401
[2025-11-21T16:23:41.439Z] INFO: DELETE /product/692092093238bf9b6c8f82a6/review/6920920c3238bf9b6c8f82d9 200
[2025-11-21T16:23:41.819Z] WARN: DELETE /product/692092093238bf9b6c8f82a6/review/6920920d3238bf9b6c8f82e0 403
[2025-11-21T16:23:42.199Z] INFO: DELETE /product/692092093238bf9b6c8f82a6/review/6920920d3238bf9b6c8f82e5 200
[2025-11-21T16:23:42.325Z] WARN: DELETE /product/692092093238bf9b6c8f82a6/review/6920920d3238bf9b6c8f82e5 400
[2025-11-21T16:23:42.577Z] INFO: PUT /product/review/6920920e3238bf9b6c8f82ed 200
[2025-11-21T16:23:42.829Z] WARN: PUT /product/review/6920920e3238bf9b6c8f82f4 404
[2025-11-21T16:23:43.447Z] INFO: DELETE /product/review/6920920f3238bf9b6c8f82f8 200
[2025-11-21T16:23:43.801Z] WARN: DELETE /product/review/6920920f3238bf9b6c8f8301 404
[2025-11-21T16:23:44.189Z] INFO: DELETE /product/review/6920920f3238bf9b6c8f8305 200
[2025-11-21T16:23:44.302Z] WARN: DELETE /product/review/6920920f3238bf9b6c8f8305 400
[2025-11-21T16:50:42.339Z] WARN: GET /herokutest 404
[2025-11-21T16:50:42.447Z] WARN: GET /favicon.ico 404
[2025-11-21T16:50:45.898Z] WARN: GET / 404
[2025-11-21T16:51:46.873Z] INFO: GET /herokutest 200
